Determining if the include file malloc/malloc.h exists failed with the following output:
Change Dir: /home/codeman/itsoflife/mydata/local/packages-live/llvm-clang8.0.1/llvm/cmake-build-debug/CMakeFiles/CMakeTmp

Run Build Command:"/usr/bin/make" "cmTC_1e6ea/fast"
/usr/bin/make -f CMakeFiles/cmTC_1e6ea.dir/build.make CMakeFiles/cmTC_1e6ea.dir/build
make[1]: Entering directory '/home/codeman/.itsoflife/mydata/local/packages-live/llvm-clang8.0.1/llvm/cmake-build-debug/CMakeFiles/CMakeTmp'
Building C object CMakeFiles/cmTC_1e6ea.dir/CheckIncludeFile.c.o
/usr/bin/cc    -o CMakeFiles/cmTC_1e6ea.dir/CheckIncludeFile.c.o   -c /home/codeman/itsoflife/mydata/local/packages-live/llvm-clang8.0.1/llvm/cmake-build-debug/CMakeFiles/CMakeTmp/CheckIncludeFile.c
/home/codeman/itsoflife/mydata/local/packages-live/llvm-clang8.0.1/llvm/cmake-build-debug/CMakeFiles/CMakeTmp/CheckIncludeFile.c:1:10: fatal error: malloc/malloc.h: No such file or directory
 #include <malloc/malloc.h>
          ^~~~~~~~~~~~~~~~~
compilation terminated.
CMakeFiles/cmTC_1e6ea.dir/build.make:65: recipe for target 'CMakeFiles/cmTC_1e6ea.dir/CheckIncludeFile.c.o' failed
make[1]: *** [CMakeFiles/cmTC_1e6ea.dir/CheckIncludeFile.c.o] Error 1
make[1]: Leaving directory '/home/codeman/.itsoflife/mydata/local/packages-live/llvm-clang8.0.1/llvm/cmake-build-debug/CMakeFiles/CMakeTmp'
Makefile:121: recipe for target 'cmTC_1e6ea/fast' failed
make: *** [cmTC_1e6ea/fast] Error 2


Determining if the include file mach/mach.h exists failed with the following output:
Change Dir: /home/codeman/itsoflife/mydata/local/packages-live/llvm-clang8.0.1/llvm/cmake-build-debug/CMakeFiles/CMakeTmp

Run Build Command:"/usr/bin/make" "cmTC_cf83c/fast"
/usr/bin/make -f CMakeFiles/cmTC_cf83c.dir/build.make CMakeFiles/cmTC_cf83c.dir/build
make[1]: Entering directory '/home/codeman/.itsoflife/mydata/local/packages-live/llvm-clang8.0.1/llvm/cmake-build-debug/CMakeFiles/CMakeTmp'
Building C object CMakeFiles/cmTC_cf83c.dir/CheckIncludeFile.c.o
/usr/bin/cc    -o CMakeFiles/cmTC_cf83c.dir/CheckIncludeFile.c.o   -c /home/codeman/itsoflife/mydata/local/packages-live/llvm-clang8.0.1/llvm/cmake-build-debug/CMakeFiles/CMakeTmp/CheckIncludeFile.c
/home/codeman/itsoflife/mydata/local/packages-live/llvm-clang8.0.1/llvm/cmake-build-debug/CMakeFiles/CMakeTmp/CheckIncludeFile.c:1:10: fatal error: mach/mach.h: No such file or directory
 #include <mach/mach.h>
          ^~~~~~~~~~~~~
compilation terminated.
CMakeFiles/cmTC_cf83c.dir/build.make:65: recipe for target 'CMakeFiles/cmTC_cf83c.dir/CheckIncludeFile.c.o' failed
make[1]: *** [CMakeFiles/cmTC_cf83c.dir/CheckIncludeFile.c.o] Error 1
make[1]: Leaving directory '/home/codeman/.itsoflife/mydata/local/packages-live/llvm-clang8.0.1/llvm/cmake-build-debug/CMakeFiles/CMakeTmp'
Makefile:121: recipe for target 'cmTC_cf83c/fast' failed
make: *** [cmTC_cf83c/fast] Error 2


Determining if the include file CrashReporterClient.h exists failed with the following output:
Change Dir: /home/codeman/itsoflife/mydata/local/packages-live/llvm-clang8.0.1/llvm/cmake-build-debug/CMakeFiles/CMakeTmp

Run Build Command:"/usr/bin/make" "cmTC_b3a92/fast"
/usr/bin/make -f CMakeFiles/cmTC_b3a92.dir/build.make CMakeFiles/cmTC_b3a92.dir/build
make[1]: Entering directory '/home/codeman/.itsoflife/mydata/local/packages-live/llvm-clang8.0.1/llvm/cmake-build-debug/CMakeFiles/CMakeTmp'
Building C object CMakeFiles/cmTC_b3a92.dir/CheckIncludeFile.c.o
/usr/bin/cc    -o CMakeFiles/cmTC_b3a92.dir/CheckIncludeFile.c.o   -c /home/codeman/itsoflife/mydata/local/packages-live/llvm-clang8.0.1/llvm/cmake-build-debug/CMakeFiles/CMakeTmp/CheckIncludeFile.c
/home/codeman/itsoflife/mydata/local/packages-live/llvm-clang8.0.1/llvm/cmake-build-debug/CMakeFiles/CMakeTmp/CheckIncludeFile.c:1:10: fatal error: CrashReporterClient.h: No such file or directory
 #include <CrashReporterClient.h>
          ^~~~~~~~~~~~~~~~~~~~~~~
compilation terminated.
CMakeFiles/cmTC_b3a92.dir/build.make:65: recipe for target 'CMakeFiles/cmTC_b3a92.dir/CheckIncludeFile.c.o' failed
make[1]: *** [CMakeFiles/cmTC_b3a92.dir/CheckIncludeFile.c.o] Error 1
make[1]: Leaving directory '/home/codeman/.itsoflife/mydata/local/packages-live/llvm-clang8.0.1/llvm/cmake-build-debug/CMakeFiles/CMakeTmp'
Makefile:121: recipe for target 'cmTC_b3a92/fast' failed
make: *** [cmTC_b3a92/fast] Error 2


Determining if the function pfm_initialize exists in the pfm failed with the following output:
Change Dir: /home/codeman/itsoflife/mydata/local/packages-live/llvm-clang8.0.1/llvm/cmake-build-debug/CMakeFiles/CMakeTmp

Run Build Command:"/usr/bin/make" "cmTC_3046a/fast"
/usr/bin/make -f CMakeFiles/cmTC_3046a.dir/build.make CMakeFiles/cmTC_3046a.dir/build
make[1]: Entering directory '/home/codeman/.itsoflife/mydata/local/packages-live/llvm-clang8.0.1/llvm/cmake-build-debug/CMakeFiles/CMakeTmp'
Building C object CMakeFiles/cmTC_3046a.dir/CheckFunctionExists.c.o
/usr/bin/cc   -DCHECK_FUNCTION_EXISTS=pfm_initialize   -o CMakeFiles/cmTC_3046a.dir/CheckFunctionExists.c.o   -c /home/codeman/itsoflife/mydata/local/packages-live/clion-2018.2/bin/cmake/linux/share/cmake-3.12/Modules/CheckFunctionExists.c
Linking C executable cmTC_3046a
/home/codeman/itsoflife/mydata/local/packages-live/clion-2018.2/bin/cmake/linux/bin/cmake -E cmake_link_script CMakeFiles/cmTC_3046a.dir/link.txt --verbose=1
/usr/bin/cc  -DCHECK_FUNCTION_EXISTS=pfm_initialize    CMakeFiles/cmTC_3046a.dir/CheckFunctionExists.c.o  -o cmTC_3046a -lpfm -lm 
/usr/bin/ld: cannot find -lpfm
collect2: error: ld returned 1 exit status
CMakeFiles/cmTC_3046a.dir/build.make:86: recipe for target 'cmTC_3046a' failed
make[1]: *** [cmTC_3046a] Error 1
make[1]: Leaving directory '/home/codeman/.itsoflife/mydata/local/packages-live/llvm-clang8.0.1/llvm/cmake-build-debug/CMakeFiles/CMakeTmp'
Makefile:121: recipe for target 'cmTC_3046a/fast' failed
make: *** [cmTC_3046a/fast] Error 2


Determining if the pthread_create exist failed with the following output:
Change Dir: /home/codeman/itsoflife/mydata/local/packages-live/llvm-clang8.0.1/llvm/cmake-build-debug/CMakeFiles/CMakeTmp

Run Build Command:"/usr/bin/make" "cmTC_448a1/fast"
/usr/bin/make -f CMakeFiles/cmTC_448a1.dir/build.make CMakeFiles/cmTC_448a1.dir/build
make[1]: Entering directory '/home/codeman/.itsoflife/mydata/local/packages-live/llvm-clang8.0.1/llvm/cmake-build-debug/CMakeFiles/CMakeTmp'
Building C object CMakeFiles/cmTC_448a1.dir/CheckSymbolExists.c.o
/usr/bin/cc    -o CMakeFiles/cmTC_448a1.dir/CheckSymbolExists.c.o   -c /home/codeman/itsoflife/mydata/local/packages-live/llvm-clang8.0.1/llvm/cmake-build-debug/CMakeFiles/CMakeTmp/CheckSymbolExists.c
Linking C executable cmTC_448a1
/home/codeman/itsoflife/mydata/local/packages-live/clion-2018.2/bin/cmake/linux/bin/cmake -E cmake_link_script CMakeFiles/cmTC_448a1.dir/link.txt --verbose=1
/usr/bin/cc      CMakeFiles/cmTC_448a1.dir/CheckSymbolExists.c.o  -o cmTC_448a1 -lm 
CMakeFiles/cmTC_448a1.dir/CheckSymbolExists.c.o: In function `main':
CheckSymbolExists.c:(.text+0x1b): undefined reference to `pthread_create'
collect2: error: ld returned 1 exit status
CMakeFiles/cmTC_448a1.dir/build.make:86: recipe for target 'cmTC_448a1' failed
make[1]: *** [cmTC_448a1] Error 1
make[1]: Leaving directory '/home/codeman/.itsoflife/mydata/local/packages-live/llvm-clang8.0.1/llvm/cmake-build-debug/CMakeFiles/CMakeTmp'
Makefile:121: recipe for target 'cmTC_448a1/fast' failed
make: *** [cmTC_448a1/fast] Error 2

File /home/codeman/itsoflife/mydata/local/packages-live/llvm-clang8.0.1/llvm/cmake-build-debug/CMakeFiles/CMakeTmp/CheckSymbolExists.c:
/* */
#include <pthread.h>

int main(int argc, char** argv)
{
  (void)argv;
#ifndef pthread_create
  return ((int*)(&pthread_create))[argc];
#else
  (void)argc;
  return 0;
#endif
}

Determining if the function pthread_create exists in the pthreads failed with the following output:
Change Dir: /home/codeman/itsoflife/mydata/local/packages-live/llvm-clang8.0.1/llvm/cmake-build-debug/CMakeFiles/CMakeTmp

Run Build Command:"/usr/bin/make" "cmTC_63bff/fast"
/usr/bin/make -f CMakeFiles/cmTC_63bff.dir/build.make CMakeFiles/cmTC_63bff.dir/build
make[1]: Entering directory '/home/codeman/.itsoflife/mydata/local/packages-live/llvm-clang8.0.1/llvm/cmake-build-debug/CMakeFiles/CMakeTmp'
Building C object CMakeFiles/cmTC_63bff.dir/CheckFunctionExists.c.o
/usr/bin/cc   -DCHECK_FUNCTION_EXISTS=pthread_create   -o CMakeFiles/cmTC_63bff.dir/CheckFunctionExists.c.o   -c /home/codeman/itsoflife/mydata/local/packages-live/clion-2018.2/bin/cmake/linux/share/cmake-3.12/Modules/CheckFunctionExists.c
Linking C executable cmTC_63bff
/home/codeman/itsoflife/mydata/local/packages-live/clion-2018.2/bin/cmake/linux/bin/cmake -E cmake_link_script CMakeFiles/cmTC_63bff.dir/link.txt --verbose=1
/usr/bin/cc  -DCHECK_FUNCTION_EXISTS=pthread_create    CMakeFiles/cmTC_63bff.dir/CheckFunctionExists.c.o  -o cmTC_63bff -lpthreads -lm 
/usr/bin/ld: cannot find -lpthreads
collect2: error: ld returned 1 exit status
CMakeFiles/cmTC_63bff.dir/build.make:86: recipe for target 'cmTC_63bff' failed
make[1]: *** [cmTC_63bff] Error 1
make[1]: Leaving directory '/home/codeman/.itsoflife/mydata/local/packages-live/llvm-clang8.0.1/llvm/cmake-build-debug/CMakeFiles/CMakeTmp'
Makefile:121: recipe for target 'cmTC_63bff/fast' failed
make: *** [cmTC_63bff/fast] Error 2


Determining if the function setupterm exists in the terminfo failed with the following output:
Change Dir: /home/codeman/itsoflife/mydata/local/packages-live/llvm-clang8.0.1/llvm/cmake-build-debug/CMakeFiles/CMakeTmp

Run Build Command:"/usr/bin/make" "cmTC_78bb0/fast"
/usr/bin/make -f CMakeFiles/cmTC_78bb0.dir/build.make CMakeFiles/cmTC_78bb0.dir/build
make[1]: Entering directory '/home/codeman/.itsoflife/mydata/local/packages-live/llvm-clang8.0.1/llvm/cmake-build-debug/CMakeFiles/CMakeTmp'
Building C object CMakeFiles/cmTC_78bb0.dir/CheckFunctionExists.c.o
/usr/bin/cc   -DCHECK_FUNCTION_EXISTS=setupterm   -o CMakeFiles/cmTC_78bb0.dir/CheckFunctionExists.c.o   -c /home/codeman/itsoflife/mydata/local/packages-live/clion-2018.2/bin/cmake/linux/share/cmake-3.12/Modules/CheckFunctionExists.c
Linking C executable cmTC_78bb0
/home/codeman/itsoflife/mydata/local/packages-live/clion-2018.2/bin/cmake/linux/bin/cmake -E cmake_link_script CMakeFiles/cmTC_78bb0.dir/link.txt --verbose=1
/usr/bin/cc  -DCHECK_FUNCTION_EXISTS=setupterm    CMakeFiles/cmTC_78bb0.dir/CheckFunctionExists.c.o  -o cmTC_78bb0 -lterminfo -lm 
/usr/bin/ld: cannot find -lterminfo
collect2: error: ld returned 1 exit status
CMakeFiles/cmTC_78bb0.dir/build.make:86: recipe for target 'cmTC_78bb0' failed
make[1]: *** [cmTC_78bb0] Error 1
make[1]: Leaving directory '/home/codeman/.itsoflife/mydata/local/packages-live/llvm-clang8.0.1/llvm/cmake-build-debug/CMakeFiles/CMakeTmp'
Makefile:121: recipe for target 'cmTC_78bb0/fast' failed
make: *** [cmTC_78bb0/fast] Error 2


Determining if the function xar_open exists in the xar failed with the following output:
Change Dir: /home/codeman/itsoflife/mydata/local/packages-live/llvm-clang8.0.1/llvm/cmake-build-debug/CMakeFiles/CMakeTmp

Run Build Command:"/usr/bin/make" "cmTC_be6f5/fast"
/usr/bin/make -f CMakeFiles/cmTC_be6f5.dir/build.make CMakeFiles/cmTC_be6f5.dir/build
make[1]: Entering directory '/home/codeman/.itsoflife/mydata/local/packages-live/llvm-clang8.0.1/llvm/cmake-build-debug/CMakeFiles/CMakeTmp'
Building C object CMakeFiles/cmTC_be6f5.dir/CheckFunctionExists.c.o
/usr/bin/cc   -DCHECK_FUNCTION_EXISTS=xar_open   -o CMakeFiles/cmTC_be6f5.dir/CheckFunctionExists.c.o   -c /home/codeman/itsoflife/mydata/local/packages-live/clion-2018.2/bin/cmake/linux/share/cmake-3.12/Modules/CheckFunctionExists.c
Linking C executable cmTC_be6f5
/home/codeman/itsoflife/mydata/local/packages-live/clion-2018.2/bin/cmake/linux/bin/cmake -E cmake_link_script CMakeFiles/cmTC_be6f5.dir/link.txt --verbose=1
/usr/bin/cc  -DCHECK_FUNCTION_EXISTS=xar_open    CMakeFiles/cmTC_be6f5.dir/CheckFunctionExists.c.o  -o cmTC_be6f5 -lxar -lm 
/usr/bin/ld: cannot find -lxar
collect2: error: ld returned 1 exit status
CMakeFiles/cmTC_be6f5.dir/build.make:86: recipe for target 'cmTC_be6f5' failed
make[1]: *** [cmTC_be6f5] Error 1
make[1]: Leaving directory '/home/codeman/.itsoflife/mydata/local/packages-live/llvm-clang8.0.1/llvm/cmake-build-debug/CMakeFiles/CMakeTmp'
Makefile:121: recipe for target 'cmTC_be6f5/fast' failed
make: *** [cmTC_be6f5/fast] Error 2


Determining if the arc4random exist failed with the following output:
Change Dir: /home/codeman/itsoflife/mydata/local/packages-live/llvm-clang8.0.1/llvm/cmake-build-debug/CMakeFiles/CMakeTmp

Run Build Command:"/usr/bin/make" "cmTC_2f564/fast"
/usr/bin/make -f CMakeFiles/cmTC_2f564.dir/build.make CMakeFiles/cmTC_2f564.dir/build
make[1]: Entering directory '/home/codeman/.itsoflife/mydata/local/packages-live/llvm-clang8.0.1/llvm/cmake-build-debug/CMakeFiles/CMakeTmp'
Building C object CMakeFiles/cmTC_2f564.dir/CheckSymbolExists.c.o
/usr/bin/cc    -o CMakeFiles/cmTC_2f564.dir/CheckSymbolExists.c.o   -c /home/codeman/itsoflife/mydata/local/packages-live/llvm-clang8.0.1/llvm/cmake-build-debug/CMakeFiles/CMakeTmp/CheckSymbolExists.c
/home/codeman/itsoflife/mydata/local/packages-live/llvm-clang8.0.1/llvm/cmake-build-debug/CMakeFiles/CMakeTmp/CheckSymbolExists.c: In function ‘main’:
/home/codeman/itsoflife/mydata/local/packages-live/llvm-clang8.0.1/llvm/cmake-build-debug/CMakeFiles/CMakeTmp/CheckSymbolExists.c:8:19: error: ‘arc4random’ undeclared (first use in this function); did you mean ‘srandom’?
   return ((int*)(&arc4random))[argc];
                   ^~~~~~~~~~
                   srandom
/home/codeman/itsoflife/mydata/local/packages-live/llvm-clang8.0.1/llvm/cmake-build-debug/CMakeFiles/CMakeTmp/CheckSymbolExists.c:8:19: note: each undeclared identifier is reported only once for each function it appears in
CMakeFiles/cmTC_2f564.dir/build.make:65: recipe for target 'CMakeFiles/cmTC_2f564.dir/CheckSymbolExists.c.o' failed
make[1]: *** [CMakeFiles/cmTC_2f564.dir/CheckSymbolExists.c.o] Error 1
make[1]: Leaving directory '/home/codeman/.itsoflife/mydata/local/packages-live/llvm-clang8.0.1/llvm/cmake-build-debug/CMakeFiles/CMakeTmp'
Makefile:121: recipe for target 'cmTC_2f564/fast' failed
make: *** [cmTC_2f564/fast] Error 2

File /home/codeman/itsoflife/mydata/local/packages-live/llvm-clang8.0.1/llvm/cmake-build-debug/CMakeFiles/CMakeTmp/CheckSymbolExists.c:
/* */
#include <stdlib.h>

int main(int argc, char** argv)
{
  (void)argv;
#ifndef arc4random
  return ((int*)(&arc4random))[argc];
#else
  (void)argc;
  return 0;
#endif
}

Performing C SOURCE FILE Test C_SUPPORTS_WERROR_UNGUARDED_AVAILABILITY_NEW failed with the following output:
Change Dir: /home/codeman/itsoflife/mydata/local/packages-live/llvm-clang8.0.1/llvm/cmake-build-debug/CMakeFiles/CMakeTmp

Run Build Command:"/usr/bin/make" "cmTC_92787/fast"
/usr/bin/make -f CMakeFiles/cmTC_92787.dir/build.make CMakeFiles/cmTC_92787.dir/build
make[1]: Entering directory '/home/codeman/.itsoflife/mydata/local/packages-live/llvm-clang8.0.1/llvm/cmake-build-debug/CMakeFiles/CMakeTmp'
Building C object CMakeFiles/cmTC_92787.dir/src.c.o
/usr/bin/cc   -DC_SUPPORTS_WERROR_UNGUARDED_AVAILABILITY_NEW   -Werror=unguarded-availability-new -o CMakeFiles/cmTC_92787.dir/src.c.o   -c /home/codeman/itsoflife/mydata/local/packages-live/llvm-clang8.0.1/llvm/cmake-build-debug/CMakeFiles/CMakeTmp/src.c
cc1: error: -Werror=unguarded-availability-new: no option -Wunguarded-availability-new
CMakeFiles/cmTC_92787.dir/build.make:65: recipe for target 'CMakeFiles/cmTC_92787.dir/src.c.o' failed
make[1]: *** [CMakeFiles/cmTC_92787.dir/src.c.o] Error 1
make[1]: Leaving directory '/home/codeman/.itsoflife/mydata/local/packages-live/llvm-clang8.0.1/llvm/cmake-build-debug/CMakeFiles/CMakeTmp'
Makefile:121: recipe for target 'cmTC_92787/fast' failed
make: *** [cmTC_92787/fast] Error 2

Source file was:
int main(void) { return 0; }
Determining if the mallctl exist failed with the following output:
Change Dir: /home/codeman/itsoflife/mydata/local/packages-live/llvm-clang8.0.1/llvm/cmake-build-debug/CMakeFiles/CMakeTmp

Run Build Command:"/usr/bin/make" "cmTC_1d9b4/fast"
/usr/bin/make -f CMakeFiles/cmTC_1d9b4.dir/build.make CMakeFiles/cmTC_1d9b4.dir/build
make[1]: Entering directory '/home/codeman/.itsoflife/mydata/local/packages-live/llvm-clang8.0.1/llvm/cmake-build-debug/CMakeFiles/CMakeTmp'
Building C object CMakeFiles/cmTC_1d9b4.dir/CheckSymbolExists.c.o
/usr/bin/cc    -o CMakeFiles/cmTC_1d9b4.dir/CheckSymbolExists.c.o   -c /home/codeman/itsoflife/mydata/local/packages-live/llvm-clang8.0.1/llvm/cmake-build-debug/CMakeFiles/CMakeTmp/CheckSymbolExists.c
/home/codeman/itsoflife/mydata/local/packages-live/llvm-clang8.0.1/llvm/cmake-build-debug/CMakeFiles/CMakeTmp/CheckSymbolExists.c:2:10: fatal error: malloc_np.h: No such file or directory
 #include <malloc_np.h>
          ^~~~~~~~~~~~~
compilation terminated.
CMakeFiles/cmTC_1d9b4.dir/build.make:65: recipe for target 'CMakeFiles/cmTC_1d9b4.dir/CheckSymbolExists.c.o' failed
make[1]: *** [CMakeFiles/cmTC_1d9b4.dir/CheckSymbolExists.c.o] Error 1
make[1]: Leaving directory '/home/codeman/.itsoflife/mydata/local/packages-live/llvm-clang8.0.1/llvm/cmake-build-debug/CMakeFiles/CMakeTmp'
Makefile:121: recipe for target 'cmTC_1d9b4/fast' failed
make: *** [cmTC_1d9b4/fast] Error 2

File /home/codeman/itsoflife/mydata/local/packages-live/llvm-clang8.0.1/llvm/cmake-build-debug/CMakeFiles/CMakeTmp/CheckSymbolExists.c:
/* */
#include <malloc_np.h>

int main(int argc, char** argv)
{
  (void)argv;
#ifndef mallctl
  return ((int*)(&mallctl))[argc];
#else
  (void)argc;
  return 0;
#endif
}

Determining if the malloc_zone_statistics exist failed with the following output:
Change Dir: /home/codeman/itsoflife/mydata/local/packages-live/llvm-clang8.0.1/llvm/cmake-build-debug/CMakeFiles/CMakeTmp

Run Build Command:"/usr/bin/make" "cmTC_bb713/fast"
/usr/bin/make -f CMakeFiles/cmTC_bb713.dir/build.make CMakeFiles/cmTC_bb713.dir/build
make[1]: Entering directory '/home/codeman/.itsoflife/mydata/local/packages-live/llvm-clang8.0.1/llvm/cmake-build-debug/CMakeFiles/CMakeTmp'
Building C object CMakeFiles/cmTC_bb713.dir/CheckSymbolExists.c.o
/usr/bin/cc    -o CMakeFiles/cmTC_bb713.dir/CheckSymbolExists.c.o   -c /home/codeman/itsoflife/mydata/local/packages-live/llvm-clang8.0.1/llvm/cmake-build-debug/CMakeFiles/CMakeTmp/CheckSymbolExists.c
/home/codeman/itsoflife/mydata/local/packages-live/llvm-clang8.0.1/llvm/cmake-build-debug/CMakeFiles/CMakeTmp/CheckSymbolExists.c:2:10: fatal error: malloc/malloc.h: No such file or directory
 #include <malloc/malloc.h>
          ^~~~~~~~~~~~~~~~~
compilation terminated.
CMakeFiles/cmTC_bb713.dir/build.make:65: recipe for target 'CMakeFiles/cmTC_bb713.dir/CheckSymbolExists.c.o' failed
make[1]: *** [CMakeFiles/cmTC_bb713.dir/CheckSymbolExists.c.o] Error 1
make[1]: Leaving directory '/home/codeman/.itsoflife/mydata/local/packages-live/llvm-clang8.0.1/llvm/cmake-build-debug/CMakeFiles/CMakeTmp'
Makefile:121: recipe for target 'cmTC_bb713/fast' failed
make: *** [cmTC_bb713/fast] Error 2

File /home/codeman/itsoflife/mydata/local/packages-live/llvm-clang8.0.1/llvm/cmake-build-debug/CMakeFiles/CMakeTmp/CheckSymbolExists.c:
/* */
#include <malloc/malloc.h>

int main(int argc, char** argv)
{
  (void)argv;
#ifndef malloc_zone_statistics
  return ((int*)(&malloc_zone_statistics))[argc];
#else
  (void)argc;
  return 0;
#endif
}

Determining if the strerror_s exist failed with the following output:
Change Dir: /home/codeman/itsoflife/mydata/local/packages-live/llvm-clang8.0.1/llvm/cmake-build-debug/CMakeFiles/CMakeTmp

Run Build Command:"/usr/bin/make" "cmTC_bfa87/fast"
/usr/bin/make -f CMakeFiles/cmTC_bfa87.dir/build.make CMakeFiles/cmTC_bfa87.dir/build
make[1]: Entering directory '/home/codeman/.itsoflife/mydata/local/packages-live/llvm-clang8.0.1/llvm/cmake-build-debug/CMakeFiles/CMakeTmp'
Building C object CMakeFiles/cmTC_bfa87.dir/CheckSymbolExists.c.o
/usr/bin/cc    -o CMakeFiles/cmTC_bfa87.dir/CheckSymbolExists.c.o   -c /home/codeman/itsoflife/mydata/local/packages-live/llvm-clang8.0.1/llvm/cmake-build-debug/CMakeFiles/CMakeTmp/CheckSymbolExists.c
/home/codeman/itsoflife/mydata/local/packages-live/llvm-clang8.0.1/llvm/cmake-build-debug/CMakeFiles/CMakeTmp/CheckSymbolExists.c: In function ‘main’:
/home/codeman/itsoflife/mydata/local/packages-live/llvm-clang8.0.1/llvm/cmake-build-debug/CMakeFiles/CMakeTmp/CheckSymbolExists.c:8:19: error: ‘strerror_s’ undeclared (first use in this function); did you mean ‘strerror_l’?
   return ((int*)(&strerror_s))[argc];
                   ^~~~~~~~~~
                   strerror_l
/home/codeman/itsoflife/mydata/local/packages-live/llvm-clang8.0.1/llvm/cmake-build-debug/CMakeFiles/CMakeTmp/CheckSymbolExists.c:8:19: note: each undeclared identifier is reported only once for each function it appears in
CMakeFiles/cmTC_bfa87.dir/build.make:65: recipe for target 'CMakeFiles/cmTC_bfa87.dir/CheckSymbolExists.c.o' failed
make[1]: *** [CMakeFiles/cmTC_bfa87.dir/CheckSymbolExists.c.o] Error 1
make[1]: Leaving directory '/home/codeman/.itsoflife/mydata/local/packages-live/llvm-clang8.0.1/llvm/cmake-build-debug/CMakeFiles/CMakeTmp'
Makefile:121: recipe for target 'cmTC_bfa87/fast' failed
make: *** [cmTC_bfa87/fast] Error 2

File /home/codeman/itsoflife/mydata/local/packages-live/llvm-clang8.0.1/llvm/cmake-build-debug/CMakeFiles/CMakeTmp/CheckSymbolExists.c:
/* */
#include <string.h>

int main(int argc, char** argv)
{
  (void)argv;
#ifndef strerror_s
  return ((int*)(&strerror_s))[argc];
#else
  (void)argc;
  return 0;
#endif
}

Determining if the dladdr exist failed with the following output:
Change Dir: /home/codeman/itsoflife/mydata/local/packages-live/llvm-clang8.0.1/llvm/cmake-build-debug/CMakeFiles/CMakeTmp

Run Build Command:"/usr/bin/make" "cmTC_c3a70/fast"
/usr/bin/make -f CMakeFiles/cmTC_c3a70.dir/build.make CMakeFiles/cmTC_c3a70.dir/build
make[1]: Entering directory '/home/codeman/.itsoflife/mydata/local/packages-live/llvm-clang8.0.1/llvm/cmake-build-debug/CMakeFiles/CMakeTmp'
Building C object CMakeFiles/cmTC_c3a70.dir/CheckSymbolExists.c.o
/usr/bin/cc    -o CMakeFiles/cmTC_c3a70.dir/CheckSymbolExists.c.o   -c /home/codeman/itsoflife/mydata/local/packages-live/llvm-clang8.0.1/llvm/cmake-build-debug/CMakeFiles/CMakeTmp/CheckSymbolExists.c
/home/codeman/itsoflife/mydata/local/packages-live/llvm-clang8.0.1/llvm/cmake-build-debug/CMakeFiles/CMakeTmp/CheckSymbolExists.c: In function ‘main’:
/home/codeman/itsoflife/mydata/local/packages-live/llvm-clang8.0.1/llvm/cmake-build-debug/CMakeFiles/CMakeTmp/CheckSymbolExists.c:8:19: error: ‘dladdr’ undeclared (first use in this function)
   return ((int*)(&dladdr))[argc];
                   ^~~~~~
/home/codeman/itsoflife/mydata/local/packages-live/llvm-clang8.0.1/llvm/cmake-build-debug/CMakeFiles/CMakeTmp/CheckSymbolExists.c:8:19: note: each undeclared identifier is reported only once for each function it appears in
CMakeFiles/cmTC_c3a70.dir/build.make:65: recipe for target 'CMakeFiles/cmTC_c3a70.dir/CheckSymbolExists.c.o' failed
make[1]: *** [CMakeFiles/cmTC_c3a70.dir/CheckSymbolExists.c.o] Error 1
make[1]: Leaving directory '/home/codeman/.itsoflife/mydata/local/packages-live/llvm-clang8.0.1/llvm/cmake-build-debug/CMakeFiles/CMakeTmp'
Makefile:121: recipe for target 'cmTC_c3a70/fast' failed
make: *** [cmTC_c3a70/fast] Error 2

File /home/codeman/itsoflife/mydata/local/packages-live/llvm-clang8.0.1/llvm/cmake-build-debug/CMakeFiles/CMakeTmp/CheckSymbolExists.c:
/* */
#include <dlfcn.h>

int main(int argc, char** argv)
{
  (void)argv;
#ifndef dladdr
  return ((int*)(&dladdr))[argc];
#else
  (void)argc;
  return 0;
#endif
}

Performing C SOURCE FILE Test HAVE_STRUCT_STAT_ST_MTIMESPEC_TV_NSEC failed with the following output:
Change Dir: /home/codeman/itsoflife/mydata/local/packages-live/llvm-clang8.0.1/llvm/cmake-build-debug/CMakeFiles/CMakeTmp

Run Build Command:"/usr/bin/make" "cmTC_290b9/fast"
/usr/bin/make -f CMakeFiles/cmTC_290b9.dir/build.make CMakeFiles/cmTC_290b9.dir/build
make[1]: Entering directory '/home/codeman/.itsoflife/mydata/local/packages-live/llvm-clang8.0.1/llvm/cmake-build-debug/CMakeFiles/CMakeTmp'
Building C object CMakeFiles/cmTC_290b9.dir/src.c.o
/usr/bin/cc   -DHAVE_STRUCT_STAT_ST_MTIMESPEC_TV_NSEC   -o CMakeFiles/cmTC_290b9.dir/src.c.o   -c /home/codeman/itsoflife/mydata/local/packages-live/llvm-clang8.0.1/llvm/cmake-build-debug/CMakeFiles/CMakeTmp/src.c
/home/codeman/itsoflife/mydata/local/packages-live/llvm-clang8.0.1/llvm/cmake-build-debug/CMakeFiles/CMakeTmp/src.c: In function ‘main’:
/home/codeman/itsoflife/mydata/local/packages-live/llvm-clang8.0.1/llvm/cmake-build-debug/CMakeFiles/CMakeTmp/src.c:7:37: error: ‘struct stat’ has no member named ‘st_mtimespec’; did you mean ‘st_mtim’?
    (void)sizeof(((struct stat *)0)->st_mtimespec.tv_nsec);
                                     ^~~~~~~~~~~~
                                     st_mtim
CMakeFiles/cmTC_290b9.dir/build.make:65: recipe for target 'CMakeFiles/cmTC_290b9.dir/src.c.o' failed
make[1]: *** [CMakeFiles/cmTC_290b9.dir/src.c.o] Error 1
make[1]: Leaving directory '/home/codeman/.itsoflife/mydata/local/packages-live/llvm-clang8.0.1/llvm/cmake-build-debug/CMakeFiles/CMakeTmp'
Makefile:121: recipe for target 'cmTC_290b9/fast' failed
make: *** [cmTC_290b9/fast] Error 2

Source file was:

#include <sys/types.h>
#include <sys/stat.h>

int main()
{
   (void)sizeof(((struct stat *)0)->st_mtimespec.tv_nsec);
   return 0;
}

Performing C++ SOURCE FILE Test SUPPORTS_GNU_ZERO_VARIADIC_MACRO_ARGUMENTS_FLAG failed with the following output:
Change Dir: /home/codeman/itsoflife/mydata/local/packages-live/llvm-clang8.0.1/llvm/cmake-build-debug/CMakeFiles/CMakeTmp

Run Build Command:"/usr/bin/make" "cmTC_4957a/fast"
/usr/bin/make -f CMakeFiles/cmTC_4957a.dir/build.make CMakeFiles/cmTC_4957a.dir/build
make[1]: Entering directory '/home/codeman/.itsoflife/mydata/local/packages-live/llvm-clang8.0.1/llvm/cmake-build-debug/CMakeFiles/CMakeTmp'
Building CXX object CMakeFiles/cmTC_4957a.dir/src.cxx.o
/usr/bin/c++    -DSUPPORTS_GNU_ZERO_VARIADIC_MACRO_ARGUMENTS_FLAG   -Wgnu-zero-variadic-macro-arguments -o CMakeFiles/cmTC_4957a.dir/src.cxx.o -c /home/codeman/itsoflife/mydata/local/packages-live/llvm-clang8.0.1/llvm/cmake-build-debug/CMakeFiles/CMakeTmp/src.cxx
c++: error: unrecognized command line option '-Wgnu-zero-variadic-macro-arguments'; did you mean '-Wno-variadic-macros'?
CMakeFiles/cmTC_4957a.dir/build.make:65: recipe for target 'CMakeFiles/cmTC_4957a.dir/src.cxx.o' failed
make[1]: *** [CMakeFiles/cmTC_4957a.dir/src.cxx.o] Error 1
make[1]: Leaving directory '/home/codeman/.itsoflife/mydata/local/packages-live/llvm-clang8.0.1/llvm/cmake-build-debug/CMakeFiles/CMakeTmp'
Makefile:121: recipe for target 'cmTC_4957a/fast' failed
make: *** [cmTC_4957a/fast] Error 2

Source file was:
int main() { return 0; }
Performing C++ SOURCE FILE Test CXX_SUPPORTS_WERROR_UNGUARDED_AVAILABILITY_NEW failed with the following output:
Change Dir: /home/codeman/itsoflife/mydata/local/packages-live/llvm-clang8.0.1/llvm/cmake-build-debug/CMakeFiles/CMakeTmp

Run Build Command:"/usr/bin/make" "cmTC_47f22/fast"
/usr/bin/make -f CMakeFiles/cmTC_47f22.dir/build.make CMakeFiles/cmTC_47f22.dir/build
make[1]: Entering directory '/home/codeman/.itsoflife/mydata/local/packages-live/llvm-clang8.0.1/llvm/cmake-build-debug/CMakeFiles/CMakeTmp'
Building CXX object CMakeFiles/cmTC_47f22.dir/src.cxx.o
/usr/bin/c++    -fPIC -fvisibility-inlines-hidden -Werror=date-time -DCXX_SUPPORTS_WERROR_UNGUARDED_AVAILABILITY_NEW   -Werror -Werror=unguarded-availability-new -o CMakeFiles/cmTC_47f22.dir/src.cxx.o -c /home/codeman/itsoflife/mydata/local/packages-live/llvm-clang8.0.1/llvm/cmake-build-debug/CMakeFiles/CMakeTmp/src.cxx
cc1plus: error: -Werror=unguarded-availability-new: no option -Wunguarded-availability-new
CMakeFiles/cmTC_47f22.dir/build.make:65: recipe for target 'CMakeFiles/cmTC_47f22.dir/src.cxx.o' failed
make[1]: *** [CMakeFiles/cmTC_47f22.dir/src.cxx.o] Error 1
make[1]: Leaving directory '/home/codeman/.itsoflife/mydata/local/packages-live/llvm-clang8.0.1/llvm/cmake-build-debug/CMakeFiles/CMakeTmp'
Makefile:121: recipe for target 'cmTC_47f22/fast' failed
make: *** [cmTC_47f22/fast] Error 2

Source file was:
int main() { return 0; }
Performing C SOURCE FILE Test C_SUPPORTS_COVERED_SWITCH_DEFAULT_FLAG failed with the following output:
Change Dir: /home/codeman/itsoflife/mydata/local/packages-live/llvm-clang8.0.1/llvm/cmake-build-debug/CMakeFiles/CMakeTmp

Run Build Command:"/usr/bin/make" "cmTC_447a9/fast"
/usr/bin/make -f CMakeFiles/cmTC_447a9.dir/build.make CMakeFiles/cmTC_447a9.dir/build
make[1]: Entering directory '/home/codeman/.itsoflife/mydata/local/packages-live/llvm-clang8.0.1/llvm/cmake-build-debug/CMakeFiles/CMakeTmp'
Building C object CMakeFiles/cmTC_447a9.dir/src.c.o
/usr/bin/cc   -fPIC -Werror=date-time -Wall -Wextra -Wno-unused-parameter -Wwrite-strings -Wno-missing-field-initializers -pedantic -Wno-long-long -Wimplicit-fallthrough -DC_SUPPORTS_COVERED_SWITCH_DEFAULT_FLAG   -Werror -Wcovered-switch-default -o CMakeFiles/cmTC_447a9.dir/src.c.o   -c /home/codeman/itsoflife/mydata/local/packages-live/llvm-clang8.0.1/llvm/cmake-build-debug/CMakeFiles/CMakeTmp/src.c
cc: error: unrecognized command line option '-Wcovered-switch-default'; did you mean '-Wno-switch-default'?
CMakeFiles/cmTC_447a9.dir/build.make:65: recipe for target 'CMakeFiles/cmTC_447a9.dir/src.c.o' failed
make[1]: *** [CMakeFiles/cmTC_447a9.dir/src.c.o] Error 1
make[1]: Leaving directory '/home/codeman/.itsoflife/mydata/local/packages-live/llvm-clang8.0.1/llvm/cmake-build-debug/CMakeFiles/CMakeTmp'
Makefile:121: recipe for target 'cmTC_447a9/fast' failed
make: *** [cmTC_447a9/fast] Error 2

Source file was:
int main(void) { return 0; }
Performing C++ SOURCE FILE Test CXX_SUPPORTS_COVERED_SWITCH_DEFAULT_FLAG failed with the following output:
Change Dir: /home/codeman/itsoflife/mydata/local/packages-live/llvm-clang8.0.1/llvm/cmake-build-debug/CMakeFiles/CMakeTmp

Run Build Command:"/usr/bin/make" "cmTC_ad1f3/fast"
/usr/bin/make -f CMakeFiles/cmTC_ad1f3.dir/build.make CMakeFiles/cmTC_ad1f3.dir/build
make[1]: Entering directory '/home/codeman/.itsoflife/mydata/local/packages-live/llvm-clang8.0.1/llvm/cmake-build-debug/CMakeFiles/CMakeTmp'
Building CXX object CMakeFiles/cmTC_ad1f3.dir/src.cxx.o
/usr/bin/c++    -fPIC -fvisibility-inlines-hidden -Werror=date-time -std=c++11 -Wall -Wextra -Wno-unused-parameter -Wwrite-strings -Wcast-qual -Wno-missing-field-initializers -pedantic -Wno-long-long -Wimplicit-fallthrough -DCXX_SUPPORTS_COVERED_SWITCH_DEFAULT_FLAG   -Werror -Wcovered-switch-default -o CMakeFiles/cmTC_ad1f3.dir/src.cxx.o -c /home/codeman/itsoflife/mydata/local/packages-live/llvm-clang8.0.1/llvm/cmake-build-debug/CMakeFiles/CMakeTmp/src.cxx
c++: error: unrecognized command line option '-Wcovered-switch-default'; did you mean '-Wno-switch-default'?
CMakeFiles/cmTC_ad1f3.dir/build.make:65: recipe for target 'CMakeFiles/cmTC_ad1f3.dir/src.cxx.o' failed
make[1]: *** [CMakeFiles/cmTC_ad1f3.dir/src.cxx.o] Error 1
make[1]: Leaving directory '/home/codeman/.itsoflife/mydata/local/packages-live/llvm-clang8.0.1/llvm/cmake-build-debug/CMakeFiles/CMakeTmp'
Makefile:121: recipe for target 'cmTC_ad1f3/fast' failed
make: *** [cmTC_ad1f3/fast] Error 2

Source file was:
int main() { return 0; }
Performing C++ SOURCE FILE Test CXX_SUPPORTS_CLASS_MEMACCESS_FLAG failed with the following output:
Change Dir: /home/codeman/itsoflife/mydata/local/packages-live/llvm-clang8.0.1/llvm/cmake-build-debug/CMakeFiles/CMakeTmp

Run Build Command:"/usr/bin/make" "cmTC_c3db9/fast"
/usr/bin/make -f CMakeFiles/cmTC_c3db9.dir/build.make CMakeFiles/cmTC_c3db9.dir/build
make[1]: Entering directory '/home/codeman/.itsoflife/mydata/local/packages-live/llvm-clang8.0.1/llvm/cmake-build-debug/CMakeFiles/CMakeTmp'
Building CXX object CMakeFiles/cmTC_c3db9.dir/src.cxx.o
/usr/bin/c++    -fPIC -fvisibility-inlines-hidden -Werror=date-time -std=c++11 -Wall -Wextra -Wno-unused-parameter -Wwrite-strings -Wcast-qual -Wno-missing-field-initializers -pedantic -Wno-long-long -Wimplicit-fallthrough -Wno-maybe-uninitialized -DCXX_SUPPORTS_CLASS_MEMACCESS_FLAG   -Wclass-memaccess -o CMakeFiles/cmTC_c3db9.dir/src.cxx.o -c /home/codeman/itsoflife/mydata/local/packages-live/llvm-clang8.0.1/llvm/cmake-build-debug/CMakeFiles/CMakeTmp/src.cxx
c++: error: unrecognized command line option '-Wclass-memaccess'
CMakeFiles/cmTC_c3db9.dir/build.make:65: recipe for target 'CMakeFiles/cmTC_c3db9.dir/src.cxx.o' failed
make[1]: *** [CMakeFiles/cmTC_c3db9.dir/src.cxx.o] Error 1
make[1]: Leaving directory '/home/codeman/.itsoflife/mydata/local/packages-live/llvm-clang8.0.1/llvm/cmake-build-debug/CMakeFiles/CMakeTmp'
Makefile:121: recipe for target 'cmTC_c3db9/fast' failed
make: *** [cmTC_c3db9/fast] Error 2

Source file was:
int main() { return 0; }
Performing C SOURCE FILE Test C_SUPPORTS_DELETE_NON_VIRTUAL_DTOR_FLAG failed with the following output:
Change Dir: /home/codeman/itsoflife/mydata/local/packages-live/llvm-clang8.0.1/llvm/cmake-build-debug/CMakeFiles/CMakeTmp

Run Build Command:"/usr/bin/make" "cmTC_2aa4c/fast"
/usr/bin/make -f CMakeFiles/cmTC_2aa4c.dir/build.make CMakeFiles/cmTC_2aa4c.dir/build
make[1]: Entering directory '/home/codeman/.itsoflife/mydata/local/packages-live/llvm-clang8.0.1/llvm/cmake-build-debug/CMakeFiles/CMakeTmp'
Building C object CMakeFiles/cmTC_2aa4c.dir/src.c.o
/usr/bin/cc   -fPIC -Werror=date-time -Wall -Wextra -Wno-unused-parameter -Wwrite-strings -Wno-missing-field-initializers -pedantic -Wno-long-long -Wimplicit-fallthrough -DC_SUPPORTS_DELETE_NON_VIRTUAL_DTOR_FLAG   -Werror -Wdelete-non-virtual-dtor -o CMakeFiles/cmTC_2aa4c.dir/src.c.o   -c /home/codeman/itsoflife/mydata/local/packages-live/llvm-clang8.0.1/llvm/cmake-build-debug/CMakeFiles/CMakeTmp/src.c
cc1: error: command line option '-Wdelete-non-virtual-dtor' is valid for C++/ObjC++ but not for C [-Werror]
cc1: all warnings being treated as errors
CMakeFiles/cmTC_2aa4c.dir/build.make:65: recipe for target 'CMakeFiles/cmTC_2aa4c.dir/src.c.o' failed
make[1]: *** [CMakeFiles/cmTC_2aa4c.dir/src.c.o] Error 1
make[1]: Leaving directory '/home/codeman/.itsoflife/mydata/local/packages-live/llvm-clang8.0.1/llvm/cmake-build-debug/CMakeFiles/CMakeTmp'
Makefile:121: recipe for target 'cmTC_2aa4c/fast' failed
make: *** [cmTC_2aa4c/fast] Error 2

Source file was:
int main(void) { return 0; }
Performing C SOURCE FILE Test C_WCOMMENT_ALLOWS_LINE_WRAP failed with the following output:
Change Dir: /home/codeman/itsoflife/mydata/local/packages-live/llvm-clang8.0.1/llvm/cmake-build-debug/CMakeFiles/CMakeTmp

Run Build Command:"/usr/bin/make" "cmTC_14fb7/fast"
/usr/bin/make -f CMakeFiles/cmTC_14fb7.dir/build.make CMakeFiles/cmTC_14fb7.dir/build
make[1]: Entering directory '/home/codeman/.itsoflife/mydata/local/packages-live/llvm-clang8.0.1/llvm/cmake-build-debug/CMakeFiles/CMakeTmp'
Building C object CMakeFiles/cmTC_14fb7.dir/src.c.o
/usr/bin/cc -D_GNU_SOURCE  -fPIC -Werror=date-time -Wall -Wextra -Wno-unused-parameter -Wwrite-strings -Wno-missing-field-initializers -pedantic -Wno-long-long -Wimplicit-fallthrough -DC_WCOMMENT_ALLOWS_LINE_WRAP  -Werror -Wcomment   -o CMakeFiles/cmTC_14fb7.dir/src.c.o   -c /home/codeman/itsoflife/mydata/local/packages-live/llvm-clang8.0.1/llvm/cmake-build-debug/CMakeFiles/CMakeTmp/src.c
/home/codeman/itsoflife/mydata/local/packages-live/llvm-clang8.0.1/llvm/cmake-build-debug/CMakeFiles/CMakeTmp/src.c:1:1: error: multi-line comment [-Werror=comment]
 // \
 ^
cc1: all warnings being treated as errors
CMakeFiles/cmTC_14fb7.dir/build.make:65: recipe for target 'CMakeFiles/cmTC_14fb7.dir/src.c.o' failed
make[1]: *** [CMakeFiles/cmTC_14fb7.dir/src.c.o] Error 1
make[1]: Leaving directory '/home/codeman/.itsoflife/mydata/local/packages-live/llvm-clang8.0.1/llvm/cmake-build-debug/CMakeFiles/CMakeTmp'
Makefile:121: recipe for target 'cmTC_14fb7/fast' failed
make: *** [cmTC_14fb7/fast] Error 2

Source file was:
// \
//
int main() {return 0;}
Performing C SOURCE FILE Test C_SUPPORTS_STRING_CONVERSION_FLAG failed with the following output:
Change Dir: /home/codeman/itsoflife/mydata/local/packages-live/llvm-clang8.0.1/llvm/cmake-build-debug/CMakeFiles/CMakeTmp

Run Build Command:"/usr/bin/make" "cmTC_44a87/fast"
/usr/bin/make -f CMakeFiles/cmTC_44a87.dir/build.make CMakeFiles/cmTC_44a87.dir/build
make[1]: Entering directory '/home/codeman/.itsoflife/mydata/local/packages-live/llvm-clang8.0.1/llvm/cmake-build-debug/CMakeFiles/CMakeTmp'
Building C object CMakeFiles/cmTC_44a87.dir/src.c.o
/usr/bin/cc   -fPIC -Werror=date-time -Wall -Wextra -Wno-unused-parameter -Wwrite-strings -Wno-missing-field-initializers -pedantic -Wno-long-long -Wimplicit-fallthrough -Wno-comment -DC_SUPPORTS_STRING_CONVERSION_FLAG   -Werror -Wstring-conversion -o CMakeFiles/cmTC_44a87.dir/src.c.o   -c /home/codeman/itsoflife/mydata/local/packages-live/llvm-clang8.0.1/llvm/cmake-build-debug/CMakeFiles/CMakeTmp/src.c
cc: error: unrecognized command line option '-Wstring-conversion'; did you mean '-Wint-conversion'?
CMakeFiles/cmTC_44a87.dir/build.make:65: recipe for target 'CMakeFiles/cmTC_44a87.dir/src.c.o' failed
make[1]: *** [CMakeFiles/cmTC_44a87.dir/src.c.o] Error 1
make[1]: Leaving directory '/home/codeman/.itsoflife/mydata/local/packages-live/llvm-clang8.0.1/llvm/cmake-build-debug/CMakeFiles/CMakeTmp'
Makefile:121: recipe for target 'cmTC_44a87/fast' failed
make: *** [cmTC_44a87/fast] Error 2

Source file was:
int main(void) { return 0; }
Performing C++ SOURCE FILE Test CXX_SUPPORTS_STRING_CONVERSION_FLAG failed with the following output:
Change Dir: /home/codeman/itsoflife/mydata/local/packages-live/llvm-clang8.0.1/llvm/cmake-build-debug/CMakeFiles/CMakeTmp

Run Build Command:"/usr/bin/make" "cmTC_a4338/fast"
/usr/bin/make -f CMakeFiles/cmTC_a4338.dir/build.make CMakeFiles/cmTC_a4338.dir/build
make[1]: Entering directory '/home/codeman/.itsoflife/mydata/local/packages-live/llvm-clang8.0.1/llvm/cmake-build-debug/CMakeFiles/CMakeTmp'
Building CXX object CMakeFiles/cmTC_a4338.dir/src.cxx.o
/usr/bin/c++    -fPIC -fvisibility-inlines-hidden -Werror=date-time -std=c++11 -Wall -Wextra -Wno-unused-parameter -Wwrite-strings -Wcast-qual -Wno-missing-field-initializers -pedantic -Wno-long-long -Wimplicit-fallthrough -Wno-maybe-uninitialized -Wno-noexcept-type -Wdelete-non-virtual-dtor -Wno-comment -DCXX_SUPPORTS_STRING_CONVERSION_FLAG   -Werror -Wstring-conversion -o CMakeFiles/cmTC_a4338.dir/src.cxx.o -c /home/codeman/itsoflife/mydata/local/packages-live/llvm-clang8.0.1/llvm/cmake-build-debug/CMakeFiles/CMakeTmp/src.cxx
c++: error: unrecognized command line option '-Wstring-conversion'; did you mean '-Wint-conversion'?
CMakeFiles/cmTC_a4338.dir/build.make:65: recipe for target 'CMakeFiles/cmTC_a4338.dir/src.cxx.o' failed
make[1]: *** [CMakeFiles/cmTC_a4338.dir/src.cxx.o] Error 1
make[1]: Leaving directory '/home/codeman/.itsoflife/mydata/local/packages-live/llvm-clang8.0.1/llvm/cmake-build-debug/CMakeFiles/CMakeTmp'
Makefile:121: recipe for target 'cmTC_a4338/fast' failed
make: *** [cmTC_a4338/fast] Error 2

Source file was:
int main() { return 0; }
Performing C++ SOURCE FILE Test CXX_SUPPORTS_NO_NESTED_ANON_TYPES_FLAG failed with the following output:
Change Dir: /home/codeman/itsoflife/mydata/local/packages-live/llvm-clang8.0.1/llvm/cmake-build-debug/CMakeFiles/CMakeTmp

Run Build Command:"/usr/bin/make" "cmTC_ffd65/fast"
/usr/bin/make -f CMakeFiles/cmTC_ffd65.dir/build.make CMakeFiles/cmTC_ffd65.dir/build
make[1]: Entering directory '/home/codeman/.itsoflife/mydata/local/packages-live/llvm-clang8.0.1/llvm/cmake-build-debug/CMakeFiles/CMakeTmp'
Building CXX object CMakeFiles/cmTC_ffd65.dir/src.cxx.o
/usr/bin/c++    -fPIC -fvisibility-inlines-hidden -Werror=date-time -std=c++11 -Wall -Wextra -Wno-unused-parameter -Wwrite-strings -Wcast-qual -Wno-missing-field-initializers -pedantic -Wno-long-long -Wimplicit-fallthrough -Wno-maybe-uninitialized -Wno-noexcept-type -Wdelete-non-virtual-dtor -Wno-comment -fno-common -Woverloaded-virtual -fno-strict-aliasing -DCXX_SUPPORTS_NO_NESTED_ANON_TYPES_FLAG   -Werror -Wnested-anon-types -o CMakeFiles/cmTC_ffd65.dir/src.cxx.o -c /home/codeman/itsoflife/mydata/local/packages-live/llvm-clang8.0.1/llvm/cmake-build-debug/CMakeFiles/CMakeTmp/src.cxx
c++: error: unrecognized command line option '-Wnested-anon-types'; did you mean '-Wnested-externs'?
CMakeFiles/cmTC_ffd65.dir/build.make:65: recipe for target 'CMakeFiles/cmTC_ffd65.dir/src.cxx.o' failed
make[1]: *** [CMakeFiles/cmTC_ffd65.dir/src.cxx.o] Error 1
make[1]: Leaving directory '/home/codeman/.itsoflife/mydata/local/packages-live/llvm-clang8.0.1/llvm/cmake-build-debug/CMakeFiles/CMakeTmp'
Makefile:121: recipe for target 'cmTC_ffd65/fast' failed
make: *** [cmTC_ffd65/fast] Error 2

Source file was:
int main() { return 0; }
Performing C++ SOURCE FILE Test HAVE_CXX_FLAG_WSHORTEN_64_TO_32 failed with the following output:
Change Dir: /home/codeman/itsoflife/mydata/local/packages-live/llvm-clang8.0.1/llvm/cmake-build-debug/CMakeFiles/CMakeTmp

Run Build Command:"/usr/bin/make" "cmTC_c75d4/fast"
/usr/bin/make -f CMakeFiles/cmTC_c75d4.dir/build.make CMakeFiles/cmTC_c75d4.dir/build
make[1]: Entering directory '/home/codeman/.itsoflife/mydata/local/packages-live/llvm-clang8.0.1/llvm/cmake-build-debug/CMakeFiles/CMakeTmp'
Building CXX object CMakeFiles/cmTC_c75d4.dir/src.cxx.o
/usr/bin/c++    -fPIC -fvisibility-inlines-hidden -Werror=date-time -std=c++11 -Wall -Wextra -Wno-unused-parameter -Wwrite-strings -Wcast-qual -Wno-missing-field-initializers -pedantic -Wno-long-long -Wimplicit-fallthrough -Wno-maybe-uninitialized -Wno-noexcept-type -Wdelete-non-virtual-dtor -Wno-comment  -std=c++11  -Wall  -Wextra  -Wshadow  -pedantic  -pedantic-errors -DHAVE_CXX_FLAG_WSHORTEN_64_TO_32  -Wshorten-64-to-32   -Wshorten-64-to-32 -o CMakeFiles/cmTC_c75d4.dir/src.cxx.o -c /home/codeman/itsoflife/mydata/local/packages-live/llvm-clang8.0.1/llvm/cmake-build-debug/CMakeFiles/CMakeTmp/src.cxx
c++: error: unrecognized command line option '-Wshorten-64-to-32'
c++: error: unrecognized command line option '-Wshorten-64-to-32'
CMakeFiles/cmTC_c75d4.dir/build.make:65: recipe for target 'CMakeFiles/cmTC_c75d4.dir/src.cxx.o' failed
make[1]: *** [CMakeFiles/cmTC_c75d4.dir/src.cxx.o] Error 1
make[1]: Leaving directory '/home/codeman/.itsoflife/mydata/local/packages-live/llvm-clang8.0.1/llvm/cmake-build-debug/CMakeFiles/CMakeTmp'
Makefile:121: recipe for target 'cmTC_c75d4/fast' failed
make: *** [cmTC_c75d4/fast] Error 2

Source file was:
int main() { return 0; }
Performing C++ SOURCE FILE Test HAVE_CXX_FLAG_WD654 failed with the following output:
Change Dir: /home/codeman/itsoflife/mydata/local/packages-live/llvm-clang8.0.1/llvm/cmake-build-debug/CMakeFiles/CMakeTmp

Run Build Command:"/usr/bin/make" "cmTC_ab7a1/fast"
/usr/bin/make -f CMakeFiles/cmTC_ab7a1.dir/build.make CMakeFiles/cmTC_ab7a1.dir/build
make[1]: Entering directory '/home/codeman/.itsoflife/mydata/local/packages-live/llvm-clang8.0.1/llvm/cmake-build-debug/CMakeFiles/CMakeTmp'
Building CXX object CMakeFiles/cmTC_ab7a1.dir/src.cxx.o
/usr/bin/c++    -fPIC -fvisibility-inlines-hidden -Werror=date-time -std=c++11 -Wall -Wextra -Wno-unused-parameter -Wwrite-strings -Wcast-qual -Wno-missing-field-initializers -pedantic -Wno-long-long -Wimplicit-fallthrough -Wno-maybe-uninitialized -Wno-noexcept-type -Wdelete-non-virtual-dtor -Wno-comment  -std=c++11  -Wall  -Wextra  -Wshadow  -pedantic  -pedantic-errors  -Wfloat-equal  -fstrict-aliasing  -fno-exceptions  -Wstrict-aliasing -DHAVE_CXX_FLAG_WD654  -wd654   -wd654 -o CMakeFiles/cmTC_ab7a1.dir/src.cxx.o -c /home/codeman/itsoflife/mydata/local/packages-live/llvm-clang8.0.1/llvm/cmake-build-debug/CMakeFiles/CMakeTmp/src.cxx
c++: error: unrecognized command line option '-wd654'
c++: error: unrecognized command line option '-wd654'
CMakeFiles/cmTC_ab7a1.dir/build.make:65: recipe for target 'CMakeFiles/cmTC_ab7a1.dir/src.cxx.o' failed
make[1]: *** [CMakeFiles/cmTC_ab7a1.dir/src.cxx.o] Error 1
make[1]: Leaving directory '/home/codeman/.itsoflife/mydata/local/packages-live/llvm-clang8.0.1/llvm/cmake-build-debug/CMakeFiles/CMakeTmp'
Makefile:121: recipe for target 'cmTC_ab7a1/fast' failed
make: *** [cmTC_ab7a1/fast] Error 2

Source file was:
int main() { return 0; }
Performing C++ SOURCE FILE Test HAVE_CXX_FLAG_WTHREAD_SAFETY failed with the following output:
Change Dir: /home/codeman/itsoflife/mydata/local/packages-live/llvm-clang8.0.1/llvm/cmake-build-debug/CMakeFiles/CMakeTmp

Run Build Command:"/usr/bin/make" "cmTC_0d3d3/fast"
/usr/bin/make -f CMakeFiles/cmTC_0d3d3.dir/build.make CMakeFiles/cmTC_0d3d3.dir/build
make[1]: Entering directory '/home/codeman/.itsoflife/mydata/local/packages-live/llvm-clang8.0.1/llvm/cmake-build-debug/CMakeFiles/CMakeTmp'
Building CXX object CMakeFiles/cmTC_0d3d3.dir/src.cxx.o
/usr/bin/c++    -fPIC -fvisibility-inlines-hidden -Werror=date-time -std=c++11 -Wall -Wextra -Wno-unused-parameter -Wwrite-strings -Wcast-qual -Wno-missing-field-initializers -pedantic -Wno-long-long -Wimplicit-fallthrough -Wno-maybe-uninitialized -Wno-noexcept-type -Wdelete-non-virtual-dtor -Wno-comment  -std=c++11  -Wall  -Wextra  -Wshadow  -pedantic  -pedantic-errors  -Wfloat-equal  -fstrict-aliasing  -fno-exceptions  -Wstrict-aliasing -DHAVE_CXX_FLAG_WTHREAD_SAFETY  -Wthread-safety   -Wthread-safety -o CMakeFiles/cmTC_0d3d3.dir/src.cxx.o -c /home/codeman/itsoflife/mydata/local/packages-live/llvm-clang8.0.1/llvm/cmake-build-debug/CMakeFiles/CMakeTmp/src.cxx
c++: error: unrecognized command line option '-Wthread-safety'; did you mean '-fthread-jumps'?
c++: error: unrecognized command line option '-Wthread-safety'; did you mean '-fthread-jumps'?
CMakeFiles/cmTC_0d3d3.dir/build.make:65: recipe for target 'CMakeFiles/cmTC_0d3d3.dir/src.cxx.o' failed
make[1]: *** [CMakeFiles/cmTC_0d3d3.dir/src.cxx.o] Error 1
make[1]: Leaving directory '/home/codeman/.itsoflife/mydata/local/packages-live/llvm-clang8.0.1/llvm/cmake-build-debug/CMakeFiles/CMakeTmp'
Makefile:121: recipe for target 'cmTC_0d3d3/fast' failed
make: *** [cmTC_0d3d3/fast] Error 2

Source file was:
int main() { return 0; }
